12:58:14,162 (main) INFO  [DataNucleus.SchemaTool] - DataNucleus SchemaTool : Creación del esquema para clases
12:58:14,167 (main) INFO  [DataNucleus.SchemaTool] - DataNucleus SchemaTool : Classpath
12:58:14,167 (main) INFO  [DataNucleus.SchemaTool] - >>  C:\Users\pablo\.m2\repository\org\datanucleus\datanucleus-maven-plugin\6.0.0-release\datanucleus-maven-plugin-6.0.0-release.jar
12:58:14,168 (main) INFO  [DataNucleus.SchemaTool] - >>  C:\Users\pablo\.m2\repository\org\codehaus\plexus\plexus-utils\3.3.0\plexus-utils-3.3.0.jar
12:58:14,168 (main) INFO  [DataNucleus.SchemaTool] - >>  C:\Users\pablo\.m2\repository\org\apache\maven\maven-artifact\3.8.1\maven-artifact-3.8.1.jar
12:58:14,169 (main) INFO  [DataNucleus.SchemaTool] - >>  C:\Users\pablo\.m2\repository\org\apache\commons\commons-lang3\3.8.1\commons-lang3-3.8.1.jar
12:58:14,169 (main) INFO  [DataNucleus.SchemaTool] - >>  C:\Users\pablo\.m2\repository\org\apache\maven\maven-plugin-api\3.8.1\maven-plugin-api-3.8.1.jar
12:58:14,169 (main) INFO  [DataNucleus.SchemaTool] - >>  C:\Users\pablo\.m2\repository\org\apache\maven\maven-model\3.8.1\maven-model-3.8.1.jar
12:58:14,169 (main) INFO  [DataNucleus.SchemaTool] - >>  C:\Users\pablo\.m2\repository\org\eclipse\sisu\org.eclipse.sisu.plexus\0.3.4\org.eclipse.sisu.plexus-0.3.4.jar
12:58:14,169 (main) INFO  [DataNucleus.SchemaTool] - >>  C:\Users\pablo\.m2\repository\javax\enterprise\cdi-api\1.0\cdi-api-1.0.jar
12:58:14,169 (main) INFO  [DataNucleus.SchemaTool] - >>  C:\Users\pablo\.m2\repository\javax\annotation\jsr250-api\1.0\jsr250-api-1.0.jar
12:58:14,169 (main) INFO  [DataNucleus.SchemaTool] - >>  C:\Users\pablo\.m2\repository\javax\inject\javax.inject\1\javax.inject-1.jar
12:58:14,170 (main) INFO  [DataNucleus.SchemaTool] - >>  C:\Users\pablo\.m2\repository\org\eclipse\sisu\org.eclipse.sisu.inject\0.3.4\org.eclipse.sisu.inject-0.3.4.jar
12:58:14,170 (main) INFO  [DataNucleus.SchemaTool] - >>  C:\Users\pablo\.m2\repository\org\codehaus\plexus\plexus-component-annotations\1.5.5\plexus-component-annotations-1.5.5.jar
12:58:14,170 (main) INFO  [DataNucleus.SchemaTool] - >>  C:\Users\pablo\.m2\repository\org\codehaus\plexus\plexus-classworlds\2.6.0\plexus-classworlds-2.6.0.jar
12:58:14,170 (main) INFO  [DataNucleus.SchemaTool] - >>  C:\Users\pablo\.m2\repository\org\codehaus\plexus\plexus-container-default\2.1.0\plexus-container-default-2.1.0.jar
12:58:14,170 (main) INFO  [DataNucleus.SchemaTool] - >>  C:\Users\pablo\.m2\repository\org\apache\xbean\xbean-reflect\3.7\xbean-reflect-3.7.jar
12:58:14,171 (main) INFO  [DataNucleus.SchemaTool] - >>  C:\Users\pablo\.m2\repository\com\google\collections\google-collections\1.0\google-collections-1.0.jar
12:58:14,171 (main) INFO  [DataNucleus.SchemaTool] - >>  C:\Users\pablo\RouteBusApp\target\classes
12:58:14,171 (main) INFO  [DataNucleus.SchemaTool] - >>  C:\Users\pablo\.m2\repository\org\datanucleus\javax.jdo\3.2.1\javax.jdo-3.2.1.jar
12:58:14,171 (main) INFO  [DataNucleus.SchemaTool] - >>  C:\Users\pablo\.m2\repository\javax\transaction\javax.transaction-api\1.3\javax.transaction-api-1.3.jar
12:58:14,171 (main) INFO  [DataNucleus.SchemaTool] - >>  C:\Users\pablo\.m2\repository\org\glassfish\corba\glassfish-corba-omgapi\4.2.2\glassfish-corba-omgapi-4.2.2.jar
12:58:14,171 (main) INFO  [DataNucleus.SchemaTool] - >>  C:\Users\pablo\.m2\repository\org\datanucleus\datanucleus-core\6.0.7\datanucleus-core-6.0.7.jar
12:58:14,171 (main) INFO  [DataNucleus.SchemaTool] - >>  C:\Users\pablo\.m2\repository\org\datanucleus\datanucleus-api-jdo\6.0.2\datanucleus-api-jdo-6.0.2.jar
12:58:14,172 (main) INFO  [DataNucleus.SchemaTool] - >>  C:\Users\pablo\.m2\repository\org\datanucleus\datanucleus-rdbms\6.0.7\datanucleus-rdbms-6.0.7.jar
12:58:14,172 (main) INFO  [DataNucleus.SchemaTool] - >>  C:\Users\pablo\.m2\repository\mysql\mysql-connector-java\8.0.29\mysql-connector-java-8.0.29.jar
12:58:14,172 (main) INFO  [DataNucleus.SchemaTool] - >>  C:\Users\pablo\.m2\repository\com\google\protobuf\protobuf-java\3.19.4\protobuf-java-3.19.4.jar
12:58:14,172 (main) INFO  [DataNucleus.SchemaTool] - >>  C:\Users\pablo\.m2\repository\org\apache\logging\log4j\log4j-api\2.23.1\log4j-api-2.23.1.jar
12:58:14,172 (main) INFO  [DataNucleus.SchemaTool] - >>  C:\Users\pablo\.m2\repository\org\apache\logging\log4j\log4j-core\2.23.1\log4j-core-2.23.1.jar
12:58:14,184 (main) DEBUG [DataNucleus.General] - Using PluginRegistry org.datanucleus.plugin.NonManagedPluginRegistry
12:58:14,240 (main) DEBUG [DataNucleus.General] - Registering bundle org.eclipse.sisu.inject version 0.3.4 at URL file:/C:/Users/pablo/.m2/repository/org/eclipse/sisu/org.eclipse.sisu.inject/0.3.4/org.eclipse.sisu.inject-0.3.4.jar.
12:58:14,257 (main) DEBUG [DataNucleus.General] - Leyendo extension-points y extensiones del archivo de plug-in jar:file:/C:/Users/pablo/.m2/repository/org/eclipse/sisu/org.eclipse.sisu.inject/0.3.4/org.eclipse.sisu.inject-0.3.4.jar!/plugin.xml.
12:58:14,263 (main) DEBUG [DataNucleus.General] - Registering bundle org.datanucleus version 6.0.7 at URL file:/C:/Users/pablo/.m2/repository/org/datanucleus/datanucleus-core/6.0.7/datanucleus-core-6.0.7.jar.
12:58:14,267 (main) DEBUG [DataNucleus.General] - Leyendo extension-points y extensiones del archivo de plug-in jar:file:/C:/Users/pablo/.m2/repository/org/datanucleus/datanucleus-core/6.0.7/datanucleus-core-6.0.7.jar!/plugin.xml.
12:58:14,275 (main) DEBUG [DataNucleus.General] - Registering bundle org.datanucleus.api.jdo version 6.0.2 at URL file:/C:/Users/pablo/.m2/repository/org/datanucleus/datanucleus-api-jdo/6.0.2/datanucleus-api-jdo-6.0.2.jar.
12:58:14,282 (main) DEBUG [DataNucleus.General] - Leyendo extension-points y extensiones del archivo de plug-in jar:file:/C:/Users/pablo/.m2/repository/org/datanucleus/datanucleus-api-jdo/6.0.2/datanucleus-api-jdo-6.0.2.jar!/plugin.xml.
12:58:14,287 (main) DEBUG [DataNucleus.General] - Registering bundle org.datanucleus.store.rdbms version 6.0.7 at URL file:/C:/Users/pablo/.m2/repository/org/datanucleus/datanucleus-rdbms/6.0.7/datanucleus-rdbms-6.0.7.jar.
12:58:14,292 (main) DEBUG [DataNucleus.General] - Leyendo extension-points y extensiones del archivo de plug-in jar:file:/C:/Users/pablo/.m2/repository/org/datanucleus/datanucleus-rdbms/6.0.7/datanucleus-rdbms-6.0.7.jar!/plugin.xml.
12:58:14,316 (main) INFO  [DataNucleus.Persistence] - Propiedad datanucleus.metadata.validate desconocida - vamos a ignorarla
12:58:14,316 (main) DEBUG [DataNucleus.Datastore] - Creating StoreManager for datastore
12:58:14,377 (main) DEBUG [DataNucleus.Connection] - Creado ConnectionPool "tx" con data source de tipo dbcp2-builtin
12:58:14,378 (main) DEBUG [DataNucleus.Connection] - Registrado la factoria de connecciones transaccionales bajo el nombre "rdbms/tx"
12:58:14,378 (main) DEBUG [DataNucleus.Connection] - Registrado la factoria de connecciones nontransaccionales bajo el nombre "rdbms/nontx"
12:58:14,396 (main) DEBUG [DataNucleus.Connection] - Creado ConnectionPool "nontx" con data source de tipo dbcp2-builtin
12:58:14,913 (main) ERROR [DataNucleus.Datastore.Schema] - La inicialización del base de datos ha fallado.
org.datanucleus.exceptions.NucleusDataStoreException: Access denied for user 'spq'@'localhost' to database 'productsdb'
	at org.datanucleus.store.rdbms.ConnectionFactoryImpl$ManagedConnectionImpl.getConnection(ConnectionFactoryImpl.java:518) ~[datanucleus-rdbms-6.0.7.jar:?]
	at org.datanucleus.store.rdbms.RDBMSStoreManager.initRDBMSStoreManager(RDBMSStoreManager.java:298) ~[datanucleus-rdbms-6.0.7.jar:?]
	at org.datanucleus.store.rdbms.RDBMSStoreManager.<init>(RDBMSStoreManager.java:285) ~[datanucleus-rdbms-6.0.7.jar:?]
	at java.base/jdk.internal.reflect.DirectConstructorHandleAccessor.newInstance(DirectConstructorHandleAccessor.java:62) [?:?]
	at java.base/java.lang.reflect.Constructor.newInstanceWithCaller(Constructor.java:502) [?:?]
	at java.base/java.lang.reflect.Constructor.newInstance(Constructor.java:486) [?:?]
	at org.datanucleus.util.ClassUtils.newInstance(ClassUtils.java:81) [datanucleus-core-6.0.7.jar:?]
	at org.datanucleus.plugin.NonManagedPluginRegistry.createExecutableExtension(NonManagedPluginRegistry.java:592) [datanucleus-core-6.0.7.jar:?]
	at org.datanucleus.plugin.PluginManager.createExecutableExtension(PluginManager.java:296) [datanucleus-core-6.0.7.jar:?]
	at org.datanucleus.store.StoreManagerHelper.createStoreManagerForProperties(StoreManagerHelper.java:77) [datanucleus-core-6.0.7.jar:?]
	at org.datanucleus.PersistenceNucleusContextImpl.initialise(PersistenceNucleusContextImpl.java:425) [datanucleus-core-6.0.7.jar:?]
	at org.datanucleus.store.schema.SchemaTool.getNucleusContextForMode(SchemaTool.java:740) [datanucleus-core-6.0.7.jar:?]
	at org.datanucleus.store.schema.SchemaTool.main(SchemaTool.java:295) [datanucleus-core-6.0.7.jar:?]
Caused by: java.sql.SQLSyntaxErrorException: Access denied for user 'spq'@'localhost' to database 'productsdb'
	at com.mysql.cj.jdbc.exceptions.SQLError.createSQLException(SQLError.java:120) ~[mysql-connector-java-8.0.29.jar:8.0.29]
	at com.mysql.cj.jdbc.exceptions.SQLExceptionsMapping.translateException(SQLExceptionsMapping.java:122) ~[mysql-connector-java-8.0.29.jar:8.0.29]
	at com.mysql.cj.jdbc.ConnectionImpl.createNewIO(ConnectionImpl.java:828) ~[mysql-connector-java-8.0.29.jar:8.0.29]
	at com.mysql.cj.jdbc.ConnectionImpl.<init>(ConnectionImpl.java:448) ~[mysql-connector-java-8.0.29.jar:8.0.29]
	at com.mysql.cj.jdbc.ConnectionImpl.getInstance(ConnectionImpl.java:241) ~[mysql-connector-java-8.0.29.jar:8.0.29]
	at com.mysql.cj.jdbc.NonRegisteringDriver.connect(NonRegisteringDriver.java:198) ~[mysql-connector-java-8.0.29.jar:8.0.29]
	at java.sql/java.sql.DriverManager.getConnection(DriverManager.java:683) ~[java.sql:?]
	at java.sql/java.sql.DriverManager.getConnection(DriverManager.java:191) ~[java.sql:?]
	at org.datanucleus.store.rdbms.datasource.dbcp2.DriverManagerConnectionFactory.createConnection(DriverManagerConnectionFactory.java:123) ~[datanucleus-rdbms-6.0.7.jar:?]
	at org.datanucleus.store.rdbms.datasource.dbcp2.PoolableConnectionFactory.makeObject(PoolableConnectionFactory.java:353) ~[datanucleus-rdbms-6.0.7.jar:?]
	at org.datanucleus.store.rdbms.datasource.dbcp2.pool2.impl.GenericObjectPool.create(GenericObjectPool.java:899) ~[datanucleus-rdbms-6.0.7.jar:?]
	at org.datanucleus.store.rdbms.datasource.dbcp2.pool2.impl.GenericObjectPool.borrowObject(GenericObjectPool.java:429) ~[datanucleus-rdbms-6.0.7.jar:?]
	at org.datanucleus.store.rdbms.datasource.dbcp2.pool2.impl.GenericObjectPool.borrowObject(GenericObjectPool.java:354) ~[datanucleus-rdbms-6.0.7.jar:?]
	at org.datanucleus.store.rdbms.datasource.dbcp2.PoolingDataSource.getConnection(PoolingDataSource.java:132) ~[datanucleus-rdbms-6.0.7.jar:?]
	at org.datanucleus.store.rdbms.ConnectionFactoryImpl$ManagedConnectionImpl.getConnection(ConnectionFactoryImpl.java:501) ~[datanucleus-rdbms-6.0.7.jar:?]
	... 12 more
12:58:14,926 (main) ERROR [DataNucleus.Datastore] - Exception thrown creating StoreManager : Access denied for user 'spq'@'localhost' to database 'productsdb'
12:58:14,926 (main) ERROR [DataNucleus.SchemaTool] - Error creating NucleusContext
org.datanucleus.exceptions.NucleusException: Access denied for user 'spq'@'localhost' to database 'productsdb'
	at org.datanucleus.store.StoreManagerHelper.createStoreManagerForProperties(StoreManagerHelper.java:98) ~[datanucleus-core-6.0.7.jar:?]
	at org.datanucleus.PersistenceNucleusContextImpl.initialise(PersistenceNucleusContextImpl.java:425) ~[datanucleus-core-6.0.7.jar:?]
	at org.datanucleus.store.schema.SchemaTool.getNucleusContextForMode(SchemaTool.java:740) ~[datanucleus-core-6.0.7.jar:?]
	at org.datanucleus.store.schema.SchemaTool.main(SchemaTool.java:295) [datanucleus-core-6.0.7.jar:?]
Caused by: org.datanucleus.exceptions.NucleusDataStoreException: Access denied for user 'spq'@'localhost' to database 'productsdb'
	at org.datanucleus.store.rdbms.ConnectionFactoryImpl$ManagedConnectionImpl.getConnection(ConnectionFactoryImpl.java:518) ~[datanucleus-rdbms-6.0.7.jar:?]
	at org.datanucleus.store.rdbms.RDBMSStoreManager.initRDBMSStoreManager(RDBMSStoreManager.java:298) ~[datanucleus-rdbms-6.0.7.jar:?]
	at org.datanucleus.store.rdbms.RDBMSStoreManager.<init>(RDBMSStoreManager.java:285) ~[datanucleus-rdbms-6.0.7.jar:?]
	at java.base/jdk.internal.reflect.DirectConstructorHandleAccessor.newInstance(DirectConstructorHandleAccessor.java:62) ~[?:?]
	at java.base/java.lang.reflect.Constructor.newInstanceWithCaller(Constructor.java:502) ~[?:?]
	at java.base/java.lang.reflect.Constructor.newInstance(Constructor.java:486) ~[?:?]
	at org.datanucleus.util.ClassUtils.newInstance(ClassUtils.java:81) ~[datanucleus-core-6.0.7.jar:?]
	at org.datanucleus.plugin.NonManagedPluginRegistry.createExecutableExtension(NonManagedPluginRegistry.java:592) ~[datanucleus-core-6.0.7.jar:?]
	at org.datanucleus.plugin.PluginManager.createExecutableExtension(PluginManager.java:296) ~[datanucleus-core-6.0.7.jar:?]
	at org.datanucleus.store.StoreManagerHelper.createStoreManagerForProperties(StoreManagerHelper.java:77) ~[datanucleus-core-6.0.7.jar:?]
	... 3 more
Caused by: java.sql.SQLSyntaxErrorException: Access denied for user 'spq'@'localhost' to database 'productsdb'
	at com.mysql.cj.jdbc.exceptions.SQLError.createSQLException(SQLError.java:120) ~[mysql-connector-java-8.0.29.jar:8.0.29]
	at com.mysql.cj.jdbc.exceptions.SQLExceptionsMapping.translateException(SQLExceptionsMapping.java:122) ~[mysql-connector-java-8.0.29.jar:8.0.29]
	at com.mysql.cj.jdbc.ConnectionImpl.createNewIO(ConnectionImpl.java:828) ~[mysql-connector-java-8.0.29.jar:8.0.29]
	at com.mysql.cj.jdbc.ConnectionImpl.<init>(ConnectionImpl.java:448) ~[mysql-connector-java-8.0.29.jar:8.0.29]
	at com.mysql.cj.jdbc.ConnectionImpl.getInstance(ConnectionImpl.java:241) ~[mysql-connector-java-8.0.29.jar:8.0.29]
	at com.mysql.cj.jdbc.NonRegisteringDriver.connect(NonRegisteringDriver.java:198) ~[mysql-connector-java-8.0.29.jar:8.0.29]
	at java.sql/java.sql.DriverManager.getConnection(DriverManager.java:683) ~[java.sql:?]
	at java.sql/java.sql.DriverManager.getConnection(DriverManager.java:191) ~[java.sql:?]
	at org.datanucleus.store.rdbms.datasource.dbcp2.DriverManagerConnectionFactory.createConnection(DriverManagerConnectionFactory.java:123) ~[datanucleus-rdbms-6.0.7.jar:?]
	at org.datanucleus.store.rdbms.datasource.dbcp2.PoolableConnectionFactory.makeObject(PoolableConnectionFactory.java:353) ~[datanucleus-rdbms-6.0.7.jar:?]
	at org.datanucleus.store.rdbms.datasource.dbcp2.pool2.impl.GenericObjectPool.create(GenericObjectPool.java:899) ~[datanucleus-rdbms-6.0.7.jar:?]
	at org.datanucleus.store.rdbms.datasource.dbcp2.pool2.impl.GenericObjectPool.borrowObject(GenericObjectPool.java:429) ~[datanucleus-rdbms-6.0.7.jar:?]
	at org.datanucleus.store.rdbms.datasource.dbcp2.pool2.impl.GenericObjectPool.borrowObject(GenericObjectPool.java:354) ~[datanucleus-rdbms-6.0.7.jar:?]
	at org.datanucleus.store.rdbms.datasource.dbcp2.PoolingDataSource.getConnection(PoolingDataSource.java:132) ~[datanucleus-rdbms-6.0.7.jar:?]
	at org.datanucleus.store.rdbms.ConnectionFactoryImpl$ManagedConnectionImpl.getConnection(ConnectionFactoryImpl.java:501) ~[datanucleus-rdbms-6.0.7.jar:?]
	at org.datanucleus.store.rdbms.RDBMSStoreManager.initRDBMSStoreManager(RDBMSStoreManager.java:298) ~[datanucleus-rdbms-6.0.7.jar:?]
	at org.datanucleus.store.rdbms.RDBMSStoreManager.<init>(RDBMSStoreManager.java:285) ~[datanucleus-rdbms-6.0.7.jar:?]
	at java.base/jdk.internal.reflect.DirectConstructorHandleAccessor.newInstance(DirectConstructorHandleAccessor.java:62) ~[?:?]
	at java.base/java.lang.reflect.Constructor.newInstanceWithCaller(Constructor.java:502) ~[?:?]
	at java.base/java.lang.reflect.Constructor.newInstance(Constructor.java:486) ~[?:?]
	at org.datanucleus.util.ClassUtils.newInstance(ClassUtils.java:81) ~[datanucleus-core-6.0.7.jar:?]
	at org.datanucleus.plugin.NonManagedPluginRegistry.createExecutableExtension(NonManagedPluginRegistry.java:592) ~[datanucleus-core-6.0.7.jar:?]
	at org.datanucleus.plugin.PluginManager.createExecutableExtension(PluginManager.java:296) ~[datanucleus-core-6.0.7.jar:?]
	at org.datanucleus.store.StoreManagerHelper.createStoreManagerForProperties(StoreManagerHelper.java:77) ~[datanucleus-core-6.0.7.jar:?]
	... 3 more
12:59:37,437 (main) INFO  [DataNucleus.SchemaTool] - DataNucleus SchemaTool : Creación del esquema para clases
12:59:37,441 (main) INFO  [DataNucleus.SchemaTool] - DataNucleus SchemaTool : Classpath
12:59:37,442 (main) INFO  [DataNucleus.SchemaTool] - >>  C:\Users\pablo\.m2\repository\org\datanucleus\datanucleus-maven-plugin\6.0.0-release\datanucleus-maven-plugin-6.0.0-release.jar
12:59:37,442 (main) INFO  [DataNucleus.SchemaTool] - >>  C:\Users\pablo\.m2\repository\org\codehaus\plexus\plexus-utils\3.3.0\plexus-utils-3.3.0.jar
12:59:37,442 (main) INFO  [DataNucleus.SchemaTool] - >>  C:\Users\pablo\.m2\repository\org\apache\maven\maven-artifact\3.8.1\maven-artifact-3.8.1.jar
12:59:37,442 (main) INFO  [DataNucleus.SchemaTool] - >>  C:\Users\pablo\.m2\repository\org\apache\commons\commons-lang3\3.8.1\commons-lang3-3.8.1.jar
12:59:37,442 (main) INFO  [DataNucleus.SchemaTool] - >>  C:\Users\pablo\.m2\repository\org\apache\maven\maven-plugin-api\3.8.1\maven-plugin-api-3.8.1.jar
12:59:37,442 (main) INFO  [DataNucleus.SchemaTool] - >>  C:\Users\pablo\.m2\repository\org\apache\maven\maven-model\3.8.1\maven-model-3.8.1.jar
12:59:37,443 (main) INFO  [DataNucleus.SchemaTool] - >>  C:\Users\pablo\.m2\repository\org\eclipse\sisu\org.eclipse.sisu.plexus\0.3.4\org.eclipse.sisu.plexus-0.3.4.jar
12:59:37,443 (main) INFO  [DataNucleus.SchemaTool] - >>  C:\Users\pablo\.m2\repository\javax\enterprise\cdi-api\1.0\cdi-api-1.0.jar
12:59:37,443 (main) INFO  [DataNucleus.SchemaTool] - >>  C:\Users\pablo\.m2\repository\javax\annotation\jsr250-api\1.0\jsr250-api-1.0.jar
12:59:37,443 (main) INFO  [DataNucleus.SchemaTool] - >>  C:\Users\pablo\.m2\repository\javax\inject\javax.inject\1\javax.inject-1.jar
12:59:37,443 (main) INFO  [DataNucleus.SchemaTool] - >>  C:\Users\pablo\.m2\repository\org\eclipse\sisu\org.eclipse.sisu.inject\0.3.4\org.eclipse.sisu.inject-0.3.4.jar
12:59:37,444 (main) INFO  [DataNucleus.SchemaTool] - >>  C:\Users\pablo\.m2\repository\org\codehaus\plexus\plexus-component-annotations\1.5.5\plexus-component-annotations-1.5.5.jar
12:59:37,444 (main) INFO  [DataNucleus.SchemaTool] - >>  C:\Users\pablo\.m2\repository\org\codehaus\plexus\plexus-classworlds\2.6.0\plexus-classworlds-2.6.0.jar
12:59:37,444 (main) INFO  [DataNucleus.SchemaTool] - >>  C:\Users\pablo\.m2\repository\org\codehaus\plexus\plexus-container-default\2.1.0\plexus-container-default-2.1.0.jar
12:59:37,444 (main) INFO  [DataNucleus.SchemaTool] - >>  C:\Users\pablo\.m2\repository\org\apache\xbean\xbean-reflect\3.7\xbean-reflect-3.7.jar
12:59:37,444 (main) INFO  [DataNucleus.SchemaTool] - >>  C:\Users\pablo\.m2\repository\com\google\collections\google-collections\1.0\google-collections-1.0.jar
12:59:37,444 (main) INFO  [DataNucleus.SchemaTool] - >>  C:\Users\pablo\RouteBusApp\target\classes
12:59:37,444 (main) INFO  [DataNucleus.SchemaTool] - >>  C:\Users\pablo\.m2\repository\org\datanucleus\javax.jdo\3.2.1\javax.jdo-3.2.1.jar
12:59:37,445 (main) INFO  [DataNucleus.SchemaTool] - >>  C:\Users\pablo\.m2\repository\javax\transaction\javax.transaction-api\1.3\javax.transaction-api-1.3.jar
12:59:37,445 (main) INFO  [DataNucleus.SchemaTool] - >>  C:\Users\pablo\.m2\repository\org\glassfish\corba\glassfish-corba-omgapi\4.2.2\glassfish-corba-omgapi-4.2.2.jar
12:59:37,445 (main) INFO  [DataNucleus.SchemaTool] - >>  C:\Users\pablo\.m2\repository\org\datanucleus\datanucleus-core\6.0.7\datanucleus-core-6.0.7.jar
12:59:37,445 (main) INFO  [DataNucleus.SchemaTool] - >>  C:\Users\pablo\.m2\repository\org\datanucleus\datanucleus-api-jdo\6.0.2\datanucleus-api-jdo-6.0.2.jar
12:59:37,445 (main) INFO  [DataNucleus.SchemaTool] - >>  C:\Users\pablo\.m2\repository\org\datanucleus\datanucleus-rdbms\6.0.7\datanucleus-rdbms-6.0.7.jar
12:59:37,445 (main) INFO  [DataNucleus.SchemaTool] - >>  C:\Users\pablo\.m2\repository\mysql\mysql-connector-java\8.0.29\mysql-connector-java-8.0.29.jar
12:59:37,446 (main) INFO  [DataNucleus.SchemaTool] - >>  C:\Users\pablo\.m2\repository\com\google\protobuf\protobuf-java\3.19.4\protobuf-java-3.19.4.jar
12:59:37,446 (main) INFO  [DataNucleus.SchemaTool] - >>  C:\Users\pablo\.m2\repository\org\apache\logging\log4j\log4j-api\2.23.1\log4j-api-2.23.1.jar
12:59:37,446 (main) INFO  [DataNucleus.SchemaTool] - >>  C:\Users\pablo\.m2\repository\org\apache\logging\log4j\log4j-core\2.23.1\log4j-core-2.23.1.jar
12:59:37,460 (main) DEBUG [DataNucleus.General] - Using PluginRegistry org.datanucleus.plugin.NonManagedPluginRegistry
12:59:37,486 (main) DEBUG [DataNucleus.General] - Registering bundle org.eclipse.sisu.inject version 0.3.4 at URL file:/C:/Users/pablo/.m2/repository/org/eclipse/sisu/org.eclipse.sisu.inject/0.3.4/org.eclipse.sisu.inject-0.3.4.jar.
12:59:37,494 (main) DEBUG [DataNucleus.General] - Leyendo extension-points y extensiones del archivo de plug-in jar:file:/C:/Users/pablo/.m2/repository/org/eclipse/sisu/org.eclipse.sisu.inject/0.3.4/org.eclipse.sisu.inject-0.3.4.jar!/plugin.xml.
12:59:37,497 (main) DEBUG [DataNucleus.General] - Registering bundle org.datanucleus version 6.0.7 at URL file:/C:/Users/pablo/.m2/repository/org/datanucleus/datanucleus-core/6.0.7/datanucleus-core-6.0.7.jar.
12:59:37,501 (main) DEBUG [DataNucleus.General] - Leyendo extension-points y extensiones del archivo de plug-in jar:file:/C:/Users/pablo/.m2/repository/org/datanucleus/datanucleus-core/6.0.7/datanucleus-core-6.0.7.jar!/plugin.xml.
12:59:37,508 (main) DEBUG [DataNucleus.General] - Registering bundle org.datanucleus.api.jdo version 6.0.2 at URL file:/C:/Users/pablo/.m2/repository/org/datanucleus/datanucleus-api-jdo/6.0.2/datanucleus-api-jdo-6.0.2.jar.
12:59:37,516 (main) DEBUG [DataNucleus.General] - Leyendo extension-points y extensiones del archivo de plug-in jar:file:/C:/Users/pablo/.m2/repository/org/datanucleus/datanucleus-api-jdo/6.0.2/datanucleus-api-jdo-6.0.2.jar!/plugin.xml.
12:59:37,520 (main) DEBUG [DataNucleus.General] - Registering bundle org.datanucleus.store.rdbms version 6.0.7 at URL file:/C:/Users/pablo/.m2/repository/org/datanucleus/datanucleus-rdbms/6.0.7/datanucleus-rdbms-6.0.7.jar.
12:59:37,526 (main) DEBUG [DataNucleus.General] - Leyendo extension-points y extensiones del archivo de plug-in jar:file:/C:/Users/pablo/.m2/repository/org/datanucleus/datanucleus-rdbms/6.0.7/datanucleus-rdbms-6.0.7.jar!/plugin.xml.
12:59:37,551 (main) INFO  [DataNucleus.Persistence] - Propiedad datanucleus.metadata.validate desconocida - vamos a ignorarla
12:59:37,551 (main) DEBUG [DataNucleus.Datastore] - Creating StoreManager for datastore
12:59:37,612 (main) DEBUG [DataNucleus.Connection] - Creado ConnectionPool "tx" con data source de tipo dbcp2-builtin
12:59:37,612 (main) DEBUG [DataNucleus.Connection] - Registrado la factoria de connecciones transaccionales bajo el nombre "rdbms/tx"
12:59:37,612 (main) DEBUG [DataNucleus.Connection] - Registrado la factoria de connecciones nontransaccionales bajo el nombre "rdbms/nontx"
12:59:37,627 (main) DEBUG [DataNucleus.Connection] - Creado ConnectionPool "nontx" con data source de tipo dbcp2-builtin
12:59:38,137 (main) DEBUG [DataNucleus.Connection] - ManagedConnection ABIERTO : "org.datanucleus.store.rdbms.ConnectionFactoryImpl$ManagedConnectionImpl@55f3c410 [conn=null, commitOnRelease=true, closeOnRelease=true, closeOnTxnEnd=true]" en resource "nontx"
12:59:38,219 (main) DEBUG [DataNucleus.Datastore] - No Soportando el tipo RDBMS de Java java.lang.Float, jdbc-type=REAL
12:59:38,219 (main) DEBUG [DataNucleus.Datastore] - No Soportando el tipo RDBMS de Java java.lang.String, jdbc-type=NVARCHAR
12:59:38,219 (main) DEBUG [DataNucleus.Datastore] - No Soportando el tipo RDBMS de Java java.lang.String, jdbc-type=NCHAR
12:59:38,219 (main) DEBUG [DataNucleus.Datastore] - Soporte de RDBMS configurado para el tipo "[B" con jdbc-types=[BLOB, BINARY, VARBINARY, LONGVARBINARY], sql-types=[BLOB, BINARY, VARBINARY, LONGVARBINARY] y defecto (jdbc-type=LONGVARBINARY, sql-type=LONGVARBINARY)
12:59:38,220 (main) DEBUG [DataNucleus.Datastore] - Soporte de RDBMS configurado para el tipo "java.io.File" con jdbc-types=[LONGVARBINARY], sql-types=[LONGVARBINARY] y defecto (jdbc-type=LONGVARBINARY, sql-type=LONGVARBINARY)
12:59:38,220 (main) DEBUG [DataNucleus.Datastore] - Soporte de RDBMS configurado para el tipo "java.io.Serializable" con jdbc-types=[BLOB, BINARY, VARBINARY, LONGVARBINARY], sql-types=[BLOB, BINARY, VARBINARY, LONGVARBINARY] y defecto (jdbc-type=LONGVARBINARY, sql-type=LONGVARBINARY)
12:59:38,220 (main) DEBUG [DataNucleus.Datastore] - Soporte de RDBMS configurado para el tipo "java.lang.Boolean" con jdbc-types=[SMALLINT, CHAR, BIT, BOOLEAN, TINYINT], sql-types=[SMALLINT, CHAR, BIT, BOOLEAN, TINYINT] y defecto (jdbc-type=BIT, sql-type=BIT)
12:59:38,220 (main) DEBUG [DataNucleus.Datastore] - Soporte de RDBMS configurado para el tipo "java.lang.Byte" con jdbc-types=[SMALLINT, TINYINT], sql-types=[SMALLINT, TINYINT] y defecto (jdbc-type=TINYINT, sql-type=TINYINT)
12:59:38,220 (main) DEBUG [DataNucleus.Datastore] - Soporte de RDBMS configurado para el tipo "java.lang.Character" con jdbc-types=[CHAR, INTEGER], sql-types=[CHAR, INTEGER] y defecto (jdbc-type=CHAR, sql-type=CHAR)
12:59:38,220 (main) DEBUG [DataNucleus.Datastore] - Soporte de RDBMS configurado para el tipo "java.lang.Double" con jdbc-types=[DECIMAL, DOUBLE], sql-types=[DECIMAL, DOUBLE] y defecto (jdbc-type=DOUBLE, sql-type=DOUBLE)
12:59:38,220 (main) DEBUG [DataNucleus.Datastore] - Soporte de RDBMS configurado para el tipo "java.lang.Float" con jdbc-types=[FLOAT, DECIMAL, DOUBLE], sql-types=[FLOAT, DECIMAL, DOUBLE] y defecto (jdbc-type=FLOAT, sql-type=FLOAT)
12:59:38,220 (main) DEBUG [DataNucleus.Datastore] - Soporte de RDBMS configurado para el tipo "java.lang.Integer" con jdbc-types=[NUMERIC, SMALLINT, BIGINT, TINYINT, INTEGER], sql-types=[NUMERIC, SMALLINT, BIGINT, TINYINT, INTEGER] y defecto (jdbc-type=INTEGER, sql-type=INTEGER)
12:59:38,220 (main) DEBUG [DataNucleus.Datastore] - Soporte de RDBMS configurado para el tipo "java.lang.Long" con jdbc-types=[NUMERIC, SMALLINT, BIGINT, TINYINT, INTEGER], sql-types=[NUMERIC, SMALLINT, BIGINT, INT, TINYINT] y defecto (jdbc-type=BIGINT, sql-type=BIGINT)
12:59:38,220 (main) DEBUG [DataNucleus.Datastore] - Soporte de RDBMS configurado para el tipo "java.lang.Short" con jdbc-types=[SMALLINT, TINYINT, INTEGER], sql-types=[SMALLINT, TINYINT, INTEGER] y defecto (jdbc-type=SMALLINT, sql-type=SMALLINT)
12:59:38,221 (main) DEBUG [DataNucleus.Datastore] - Soporte de RDBMS configurado para el tipo "java.lang.String" con jdbc-types=[BLOB, LONGVARCHAR, CLOB, VARCHAR, CHAR, BIGINT], sql-types=[BLOB, LONGVARCHAR, CLOB, LONGTEXT, CHAR, BIGINT, TEXT, MEDIUMTEXT, MEDIUMBLOB, VARCHAR, LONGBLOB] y defecto (jdbc-type=VARCHAR, sql-type=VARCHAR)
12:59:38,221 (main) DEBUG [DataNucleus.Datastore] - Soporte de RDBMS configurado para el tipo "java.math.BigDecimal" con jdbc-types=[NUMERIC, DECIMAL], sql-types=[NUMERIC, DECIMAL] y defecto (jdbc-type=DECIMAL, sql-type=DECIMAL)
12:59:38,221 (main) DEBUG [DataNucleus.Datastore] - Soporte de RDBMS configurado para el tipo "java.math.BigInteger" con jdbc-types=[NUMERIC, BIGINT], sql-types=[NUMERIC, BIGINT] y defecto (jdbc-type=NUMERIC, sql-type=NUMERIC)
12:59:38,221 (main) DEBUG [DataNucleus.Datastore] - Soporte de RDBMS configurado para el tipo "java.sql.Date" con jdbc-types=[DATE, TIMESTAMP, VARCHAR, CHAR, BIGINT], sql-types=[DATE, TIMESTAMP, VARCHAR, CHAR, BIGINT] y defecto (jdbc-type=DATE, sql-type=DATE)
12:59:38,221 (main) DEBUG [DataNucleus.Datastore] - Soporte de RDBMS configurado para el tipo "java.sql.Time" con jdbc-types=[TIMESTAMP, VARCHAR, CHAR, TIME, BIGINT], sql-types=[TIMESTAMP, VARCHAR, CHAR, TIME, BIGINT] y defecto (jdbc-type=TIME, sql-type=TIME)
12:59:38,221 (main) DEBUG [DataNucleus.Datastore] - Soporte de RDBMS configurado para el tipo "java.sql.Timestamp" con jdbc-types=[DATE, TIMESTAMP, VARCHAR, CHAR, TIME], sql-types=[DATE, TIMESTAMP, VARCHAR, CHAR, TIME] y defecto (jdbc-type=TIMESTAMP, sql-type=TIMESTAMP)
12:59:38,221 (main) DEBUG [DataNucleus.Datastore] - Soporte de RDBMS configurado para el tipo "java.util.Date" con jdbc-types=[DATE, TIMESTAMP, VARCHAR, CHAR, TIME, BIGINT], sql-types=[DATE, TIMESTAMP, VARCHAR, CHAR, TIME, BIGINT] y defecto (jdbc-type=TIMESTAMP, sql-type=TIMESTAMP)
12:59:38,221 (main) DEBUG [DataNucleus.Datastore] - Soporte de RDBMS configurado para el tipo "org.datanucleus.identity.DatastoreId" con jdbc-types=[NUMERIC, VARCHAR, CHAR, BIGINT, INTEGER], sql-types=[NUMERIC, VARCHAR, CHAR, BIGINT, INTEGER] y defecto (jdbc-type=BIGINT, sql-type=BIGINT)
12:59:38,230 (main) DEBUG [DataNucleus.Datastore.Schema] - Vamos a añadir/drop una tabla para determinar el catalogo/esquema para el datasource. Pon "datanucleus.mapping.Catalog"/"datanucleus.mapping.Schema" para evitarlo
12:59:38,281 (main) DEBUG [DataNucleus.Datastore.Schema] - CREATE TABLE `DELETEME1712573978236`
(
    `UNUSED` INTEGER NOT NULL
) ENGINE=INNODB
12:59:38,306 (main) DEBUG [DataNucleus.Datastore.Schema] - SQL Tiempo de cumplir = 25 ms
12:59:38,328 (main) DEBUG [DataNucleus.Datastore.Schema] - No era posible determinar el nombre del esquema por este DataStore
12:59:38,328 (main) DEBUG [DataNucleus.Datastore.Schema] - DROP TABLE `DELETEME1712573978236` CASCADE
12:59:38,341 (main) DEBUG [DataNucleus.Datastore.Schema] - SQL Tiempo de cumplir = 13 ms
12:59:38,341 (main) DEBUG [DataNucleus.Datastore] - ======================= Datastore =========================
12:59:38,342 (main) DEBUG [DataNucleus.Datastore] - StoreManager : "rdbms" (org.datanucleus.store.rdbms.RDBMSStoreManager)
12:59:38,342 (main) DEBUG [DataNucleus.Datastore] - Datastore : read-write
12:59:38,342 (main) DEBUG [DataNucleus.Datastore] - Schema Control : AutoCreate(Tables,Columns,Constraints), Validate(None)
12:59:38,342 (main) DEBUG [DataNucleus.Datastore] - Schema : NamingFactory=datanucleus2 identifierCase=null
12:59:38,343 (main) DEBUG [DataNucleus.Datastore] - Query Languages : JDOQL, JPQL, STOREDPROC, SQL
12:59:38,343 (main) DEBUG [DataNucleus.Datastore] - Queries : Timeout=0
12:59:38,343 (main) DEBUG [DataNucleus.Datastore] - ===========================================================
12:59:38,343 (main) DEBUG [DataNucleus.Datastore] - Datastore Adapter : org.datanucleus.store.rdbms.adapter.MySQLAdapter
12:59:38,344 (main) DEBUG [DataNucleus.Datastore] - Datastore : name="MySQL" version="8.3.0"
12:59:38,344 (main) DEBUG [DataNucleus.Datastore] - Datastore Driver : name="MySQL Connector/J" version="mysql-connector-java-8.0.29 (Revision: dd61577595edad45c398af508cf91ad26fc4144f)"
12:59:38,344 (main) DEBUG [DataNucleus.Datastore] - Primary Connection Factory : URL[jdbc:mysql://localhost/RouteBusDB]
12:59:38,344 (main) DEBUG [DataNucleus.Datastore] - Secondary Connection Factory : URL[jdbc:mysql://localhost/RouteBusDB]
12:59:38,348 (main) DEBUG [DataNucleus.Datastore] - Datastore Identifiers : factory="datanucleus2" case="UPPERCASE" catalog=routebusdb
12:59:38,352 (main) DEBUG [DataNucleus.Datastore] - Supported Identifier Cases : lowercase "lowercase" "UPPERCASE" 
12:59:38,356 (main) DEBUG [DataNucleus.Datastore] - Supported Identifier Lengths (max) : Table=64 Column=64 Constraint=64 Index=64 Delimiter=`
12:59:38,357 (main) DEBUG [DataNucleus.Datastore] - Support for Identifiers in DDL : catalog=true schema=false
12:59:38,358 (main) DEBUG [DataNucleus.Datastore] - Datastore : rdbmsConstraintCreateMode=DataNucleus, initialiseColumnInfo=ALL, checkTableViewExistence
12:59:38,358 (main) DEBUG [DataNucleus.Datastore] - Support Statement Batching : yes (max-batch-size=50)
12:59:38,358 (main) DEBUG [DataNucleus.Datastore] - Queries : Results direction=forward, type=forward-only, concurrency=read-only
12:59:38,358 (main) DEBUG [DataNucleus.Datastore] - Java-Types : string-default-length=255
12:59:38,359 (main) DEBUG [DataNucleus.Datastore] - JDBC-Types : VARCHAR, LONGVARCHAR, BOOLEAN, BINARY, VARBINARY, LONGVARBINARY, BIGINT, TINYINT, BIT, CHAR, NUMERIC, DECIMAL, INTEGER, CLOB, SMALLINT, BLOB, FLOAT, DOUBLE, DATE, TIME, TIMESTAMP
12:59:38,359 (main) DEBUG [DataNucleus.Datastore] - ===========================================================
12:59:38,359 (main) DEBUG [DataNucleus.Connection] - ManagedConnection CERRADO : "org.datanucleus.store.rdbms.ConnectionFactoryImpl$ManagedConnectionImpl@55f3c410 [conn=org.datanucleus.store.rdbms.datasource.dbcp2.PoolingDataSource$PoolGuardConnectionWrapper@49a64d82, commitOnRelease=true, closeOnRelease=true, closeOnTxnEnd=true]" 
12:59:38,360 (main) DEBUG [DataNucleus.Datastore] - StoreManager now created
12:59:38,369 (main) DEBUG [DataNucleus.Persistence] - Tipos de Java inicializando ...
12:59:38,410 (main) DEBUG [DataNucleus.Persistence] - Soporte para tipos de Java listo : tipos soportados = [B, [C, [D, [F, [I, [J, [Ljava.lang.Boolean;, [Ljava.lang.Byte;, [Ljava.lang.Character;, [Ljava.lang.Double;, [Ljava.lang.Enum;, [Ljava.lang.Float;, [Ljava.lang.Integer;, [Ljava.lang.Long;, [Ljava.lang.Number;, [Ljava.lang.Object;, [Ljava.lang.Short;, [Ljava.lang.String;, [Ljava.math.BigDecimal;, [Ljava.math.BigInteger;, [Ljava.util.Date;, [Ljava.util.Locale;, [S, [Z, boolean, byte, char, double, float, int, java.awt.Color, java.awt.image.BufferedImage, java.lang.Boolean, java.lang.Byte, java.lang.Character, java.lang.Class, java.lang.Double, java.lang.Enum, java.lang.Float, java.lang.Integer, java.lang.Long, java.lang.Number, java.lang.Short, java.lang.String, java.lang.StringBuffer, java.lang.StringBuilder, java.math.BigDecimal, java.math.BigInteger, java.net.URI, java.net.URL, java.sql.Date, java.sql.Time, java.sql.Timestamp, java.time.Duration, java.time.Instant, java.time.LocalDate, java.time.LocalDateTime, java.time.LocalTime, java.time.MonthDay, java.time.OffsetDateTime, java.time.OffsetTime, java.time.Period, java.time.Year, java.time.YearMonth, java.time.ZonedDateTime, java.time.ZoneId, java.time.ZoneOffset, java.util.ArrayList, java.util.Arrays$ArrayList, java.util.BitSet, java.util.Calendar, java.util.Collection, java.util.Currency, java.util.Date, java.util.GregorianCalendar, java.util.HashMap, java.util.HashSet, java.util.Hashtable, java.util.LinkedHashMap, java.util.LinkedHashSet, java.util.LinkedList, java.util.List, java.util.Locale, java.util.Map, java.util.Optional, java.util.PriorityQueue, java.util.Properties, java.util.Queue, java.util.Set, java.util.SortedMap, java.util.SortedSet, java.util.Stack, java.util.TimeZone, java.util.TreeMap, java.util.TreeSet, java.util.UUID, java.util.Vector, long, short
12:59:38,410 (main) DEBUG [DataNucleus.Persistence] - Inicializando TypeConverters ...
12:59:38,434 (main) DEBUG [DataNucleus.Persistence] - TypeConverters listo
12:59:38,435 (main) DEBUG [DataNucleus.Persistence] - TypeConverter(s) available for byte[] to : java.nio.ByteBuffer
12:59:38,435 (main) DEBUG [DataNucleus.Persistence] - TypeConverter(s) available for char[] to : java.nio.ByteBuffer
12:59:38,435 (main) DEBUG [DataNucleus.Persistence] - TypeConverter(s) available for double[] to : java.nio.ByteBuffer
12:59:38,435 (main) DEBUG [DataNucleus.Persistence] - TypeConverter(s) available for float[] to : java.nio.ByteBuffer
12:59:38,435 (main) DEBUG [DataNucleus.Persistence] - TypeConverter(s) available for int[] to : java.nio.ByteBuffer
12:59:38,435 (main) DEBUG [DataNucleus.Persistence] - TypeConverter(s) available for long[] to : java.nio.ByteBuffer
12:59:38,435 (main) DEBUG [DataNucleus.Persistence] - TypeConverter(s) available for [Ljava.math.BigDecimal; to : java.nio.ByteBuffer
12:59:38,435 (main) DEBUG [DataNucleus.Persistence] - TypeConverter(s) available for [Ljava.math.BigInteger; to : java.nio.ByteBuffer
12:59:38,435 (main) DEBUG [DataNucleus.Persistence] - TypeConverter(s) available for short[] to : java.nio.ByteBuffer
12:59:38,435 (main) DEBUG [DataNucleus.Persistence] - TypeConverter(s) available for boolean[] to : java.nio.ByteBuffer
12:59:38,435 (main) DEBUG [DataNucleus.Persistence] - TypeConverter(s) available for java.awt.Color to : int[],java.lang.String
12:59:38,435 (main) DEBUG [DataNucleus.Persistence] - TypeConverter(s) available for java.awt.image.BufferedImage to : byte[],java.nio.ByteBuffer
12:59:38,436 (main) DEBUG [DataNucleus.Persistence] - TypeConverter(s) available for java.io.Serializable to : byte[],java.nio.ByteBuffer,java.lang.String
12:59:38,436 (main) DEBUG [DataNucleus.Persistence] - TypeConverter(s) available for java.lang.Boolean to : java.lang.Integer,java.lang.Character
12:59:38,436 (main) DEBUG [DataNucleus.Persistence] - TypeConverter(s) available for java.lang.Character to : java.lang.String
12:59:38,436 (main) DEBUG [DataNucleus.Persistence] - TypeConverter(s) available for java.lang.Class to : java.lang.String
12:59:38,436 (main) DEBUG [DataNucleus.Persistence] - TypeConverter(s) available for java.lang.Integer to : java.lang.String
12:59:38,436 (main) DEBUG [DataNucleus.Persistence] - TypeConverter(s) available for java.lang.Long to : java.lang.String
12:59:38,436 (main) DEBUG [DataNucleus.Persistence] - TypeConverter(s) available for java.lang.StringBuffer to : java.lang.String
12:59:38,436 (main) DEBUG [DataNucleus.Persistence] - TypeConverter(s) available for java.lang.StringBuilder to : java.lang.String
12:59:38,436 (main) DEBUG [DataNucleus.Persistence] - TypeConverter(s) available for java.math.BigDecimal to : java.lang.Double,java.lang.String
12:59:38,436 (main) DEBUG [DataNucleus.Persistence] - TypeConverter(s) available for java.math.BigInteger to : java.lang.String,java.lang.Long
12:59:38,436 (main) DEBUG [DataNucleus.Persistence] - TypeConverter(s) available for java.net.URI to : java.lang.String
12:59:38,436 (main) DEBUG [DataNucleus.Persistence] - TypeConverter(s) available for java.net.URL to : java.lang.String
12:59:38,437 (main) DEBUG [DataNucleus.Persistence] - TypeConverter(s) available for java.sql.Date to : java.util.Date,java.lang.String,java.lang.Long
12:59:38,437 (main) DEBUG [DataNucleus.Persistence] - TypeConverter(s) available for java.sql.Time to : java.util.Date,java.lang.String,java.lang.Long
12:59:38,437 (main) DEBUG [DataNucleus.Persistence] - TypeConverter(s) available for java.sql.Timestamp to : java.util.Date,java.lang.String,java.lang.Long
12:59:38,437 (main) DEBUG [DataNucleus.Persistence] - TypeConverter(s) available for java.time.Duration to : java.lang.Double,java.lang.String,java.lang.Long
12:59:38,437 (main) DEBUG [DataNucleus.Persistence] - TypeConverter(s) available for java.time.Instant to : java.util.Date,java.lang.String,java.sql.Timestamp,java.lang.Long
12:59:38,437 (main) DEBUG [DataNucleus.Persistence] - TypeConverter(s) available for java.time.LocalDate to : java.util.Date,java.sql.Date,java.lang.String
12:59:38,437 (main) DEBUG [DataNucleus.Persistence] - TypeConverter(s) available for java.time.LocalDateTime to : java.util.Date,java.lang.String,java.sql.Timestamp
12:59:38,437 (main) DEBUG [DataNucleus.Persistence] - TypeConverter(s) available for java.time.LocalTime to : java.util.Date,java.sql.Time,java.lang.String,java.lang.Long
12:59:38,437 (main) DEBUG [DataNucleus.Persistence] - TypeConverter(s) available for java.time.MonthDay to : java.util.Date,int[],java.sql.Date,java.lang.String
12:59:38,437 (main) DEBUG [DataNucleus.Persistence] - TypeConverter(s) available for java.time.OffsetDateTime to : java.util.Date,java.lang.String,java.sql.Timestamp
12:59:38,437 (main) DEBUG [DataNucleus.Persistence] - TypeConverter(s) available for java.time.OffsetTime to : java.sql.Time,java.lang.String,java.lang.Long
12:59:38,437 (main) DEBUG [DataNucleus.Persistence] - TypeConverter(s) available for java.time.Period to : int[],java.lang.String
12:59:38,437 (main) DEBUG [DataNucleus.Persistence] - TypeConverter(s) available for java.time.Year to : java.lang.Integer,java.lang.String
12:59:38,438 (main) DEBUG [DataNucleus.Persistence] - TypeConverter(s) available for java.time.YearMonth to : java.util.Date,int[],java.sql.Date,java.lang.String
12:59:38,438 (main) DEBUG [DataNucleus.Persistence] - TypeConverter(s) available for java.time.ZonedDateTime to : java.lang.String,java.sql.Timestamp
12:59:38,438 (main) DEBUG [DataNucleus.Persistence] - TypeConverter(s) available for java.time.ZoneId to : java.lang.String
12:59:38,438 (main) DEBUG [DataNucleus.Persistence] - TypeConverter(s) available for java.time.ZoneOffset to : java.lang.String
12:59:38,438 (main) DEBUG [DataNucleus.Persistence] - TypeConverter(s) available for java.util.BitSet to : java.lang.String
12:59:38,438 (main) DEBUG [DataNucleus.Persistence] - TypeConverter(s) available for java.util.Calendar to : java.util.Date,java.lang.String,[Ljava.lang.Object;,java.sql.Timestamp
12:59:38,438 (main) DEBUG [DataNucleus.Persistence] - TypeConverter(s) available for java.util.Currency to : java.lang.String
12:59:38,438 (main) DEBUG [DataNucleus.Persistence] - TypeConverter(s) available for java.util.Date to : java.lang.String,java.lang.Long
12:59:38,438 (main) DEBUG [DataNucleus.Persistence] - TypeConverter(s) available for java.util.Locale to : java.lang.String
12:59:38,438 (main) DEBUG [DataNucleus.Persistence] - TypeConverter(s) available for java.util.TimeZone to : java.lang.String
12:59:38,438 (main) DEBUG [DataNucleus.Persistence] - TypeConverter(s) available for java.util.UUID to : java.lang.String
12:59:38,445 (main) DEBUG [DataNucleus.MetaData] - MetaDataManager : Input=(XML,Annotations), XML-Validation=false, XML-Suffices=(persistence=*.jdo, orm=orm, query=*.jdoquery), JDO-listener=true
12:59:38,445 (main) DEBUG [DataNucleus.MetaData] - Registering listener for metadata initialisation
12:59:38,453 (main) DEBUG [DataNucleus.Persistence] - Started pool of ExecutionContext (maxPool=20, reaperThread=false)
12:59:38,456 (main) DEBUG [DataNucleus.Persistence] - ================= NucleusContext ===============
12:59:38,457 (main) DEBUG [DataNucleus.Persistence] - DataNucleus Context : Versión: "6.0.7" con JRE "21.0.2" en "Windows 11"
12:59:38,457 (main) DEBUG [DataNucleus.Persistence] - Persistence API : JDO
12:59:38,457 (main) DEBUG [DataNucleus.Persistence] - Plugin Registry : org.datanucleus.plugin.NonManagedPluginRegistry
12:59:38,457 (main) DEBUG [DataNucleus.Persistence] - ClassLoading : default
12:59:38,467 (main) DEBUG [DataNucleus.Persistence] - Persistence : pm-singlethreaded, nontransactional-read, nontransactional-write, reachability-at-commit, copy-on-attach, managed-relations(checked), deletion-policy=JDO2, serverTimeZone=Europe/Madrid
12:59:38,469 (main) DEBUG [DataNucleus.Persistence] - Transactions : type=RESOURCE_LOCAL, mode=datastore, isolation=read-committed
12:59:38,469 (main) DEBUG [DataNucleus.Persistence] - ValueGeneration : txn-isolation=read-committed connection=New
12:59:38,471 (main) DEBUG [DataNucleus.Persistence] - Cache : Level1 (soft), Level2 (soft, mode=UNSPECIFIED), QueryResults (soft), Collections/Maps 
12:59:38,471 (main) DEBUG [DataNucleus.Persistence] - ================================================
12:59:38,471 (main) INFO  [DataNucleus.SchemaTool] - DataNucleus SchemaTool : Propiedades para persistencia
12:59:38,471 (main) INFO  [DataNucleus.SchemaTool] - >>  datanucleus.autostartmechanism=None
12:59:38,472 (main) INFO  [DataNucleus.SchemaTool] - >>  datanucleus.connectionurl=jdbc:mysql://localhost/RouteBusDB
12:59:38,472 (main) INFO  [DataNucleus.SchemaTool] - >>  datanucleus.connectionusername=spq
12:59:38,472 (main) INFO  [DataNucleus.SchemaTool] - >>  datanucleus.metadata.validate=false
12:59:38,472 (main) INFO  [DataNucleus.SchemaTool] - >>  datanucleus.rdbms.checkexisttablesorviews=true
12:59:38,472 (main) INFO  [DataNucleus.SchemaTool] - >>  datanucleus.readonlydatastore=false
12:59:38,472 (main) INFO  [DataNucleus.SchemaTool] - >>  datanucleus.schema.autocreatecolumns=true
12:59:38,472 (main) INFO  [DataNucleus.SchemaTool] - >>  datanucleus.schema.autocreateconstraints=true
12:59:38,472 (main) INFO  [DataNucleus.SchemaTool] - >>  datanucleus.schema.autocreatetables=true
12:59:38,473 (main) INFO  [DataNucleus.SchemaTool] - DataNucleus SchemaTool : Ficheros
12:59:38,473 (main) INFO  [DataNucleus.SchemaTool] - >>  C:\Users\pablo\RouteBusApp\target\classes\es\deusto\spq\App.class
12:59:38,473 (main) DEBUG [DataNucleus.SchemaTool] - Leyendo 1 ficheros (metadata/class) ...
12:59:38,476 (main) DEBUG [DataNucleus.MetaData] - MetaData Management : Carga de Metadata de los archivos de metadata "[]" ...
12:59:38,476 (main) DEBUG [DataNucleus.MetaData] - MetaData Management : Carga de Metadata ya ha terminado
12:59:38,477 (main) DEBUG [DataNucleus.MetaData] - MetaData Management : Carga de Metadata de las clases "[es.deusto.spq.App]" ...
12:59:38,482 (main) DEBUG [DataNucleus.MetaData] - No encontramos el MetaData del tipo "jdo" por la clase "es.deusto.spq.App" en /META-INF/package.jdo
12:59:38,483 (main) DEBUG [DataNucleus.MetaData] - No encontramos el MetaData del tipo "jdo" por la clase "es.deusto.spq.App" en /WEB-INF/package.jdo
12:59:38,493 (main) DEBUG [DataNucleus.MetaData] - No encontramos el MetaData del tipo "jdo" por la clase "es.deusto.spq.App" en /package.jdo
12:59:38,493 (main) DEBUG [DataNucleus.MetaData] - No encontramos el MetaData del tipo "jdo" por la clase "es.deusto.spq.App" en /es/package.jdo
12:59:38,494 (main) DEBUG [DataNucleus.MetaData] - No encontramos el MetaData del tipo "jdo" por la clase "es.deusto.spq.App" en /es/deusto/package.jdo
12:59:38,494 (main) DEBUG [DataNucleus.MetaData] - No encontramos el MetaData del tipo "jdo" por la clase "es.deusto.spq.App" en /es/deusto/spq/package.jdo
12:59:38,494 (main) DEBUG [DataNucleus.MetaData] - No encontramos el MetaData del tipo "jdo" por la clase "es.deusto.spq.App" en /es/deusto/spq/App.jdo
12:59:38,495 (main) DEBUG [DataNucleus.MetaData] - No hemos encontrado el MetaData del tipo "jdo" por la clase "es.deusto.spq.App"
12:59:38,495 (main) DEBUG [DataNucleus.MetaData] - Registrando la clase "es.deusto.spq.App" no tener Meta-Data
12:59:38,495 (main) DEBUG [DataNucleus.MetaData] - La clase "es.deusto.spq.App" no tiene MetaData o annotaciones.
12:59:38,495 (main) DEBUG [DataNucleus.MetaData] - MetaData Management : Carga de Metadata ya ha terminado
12:59:38,495 (main) DEBUG [DataNucleus.SchemaTool] - Hemos acabado de leer 1 ficheros (metadata/class)
12:59:38,496 (main) ERROR [DataNucleus.Datastore.Schema] - No hay clases !
12:59:38,496 (main) ERROR [DataNucleus.SchemaTool] - DataNucleus SchemaTool ha lanzado una excepción. Por favor consulte el Log para ver más detalles: No hay clases !
org.datanucleus.exceptions.NucleusException: No hay clases !
	at org.datanucleus.store.rdbms.RDBMSStoreManager.createSchemaForClasses(RDBMSStoreManager.java:3980) ~[datanucleus-rdbms-6.0.7.jar:?]
	at org.datanucleus.store.schema.SchemaTool.createSchemaForClasses(SchemaTool.java:507) ~[datanucleus-core-6.0.7.jar:?]
	at org.datanucleus.store.schema.SchemaTool.main(SchemaTool.java:423) [datanucleus-core-6.0.7.jar:?]
